<?xml version="1.0" encoding="UTF-8"?>
<testsuite xmlns:xsi="http://www.w3.org/2001/XMLSchema-instance" xsi:noNamespaceSchemaLocation="https://maven.apache.org/surefire/maven-surefire-plugin/xsd/surefire-test-report-3.0.xsd" version="3.0" name="com.embabel.vaadin.websearch.ToolGatewayClientParseTest" time="0.379" tests="6" errors="0" skipped="0" failures="0">
  <properties>
[...]
</properties>
  <testcase name="webSearchResultHasDescriptionAndAge" classname="com.embabel.vaadin.websearch.ToolGatewayClientParseTest" time="0.038"/>
  <testcase name="parsesSingleKeyWrappedArray" classname="com.embabel.vaadin.websearch.ToolGatewayClientParseTest" time="0.217"/>
  <testcase name="parsesDirectArray" classname="com.embabel.vaadin.websearch.ToolGatewayClientParseTest" time="0.003"/>
  <testcase name="returnsEmptyListForEmptyArray" classname="com.embabel.vaadin.websearch.ToolGatewayClientParseTest" time="0.003"/>
  <testcase name="parsesResultsWrapped" classname="com.embabel.vaadin.websearch.ToolGatewayClientParseTest" time="0.002"/>
  <testcase name="parsesDoubleWrapped" classname="com.embabel.vaadin.websearch.ToolGatewayClientParseTest" time="0.014"/>
</testsuite>